<?xml version="1.0" encoding="UTF-8"?>
<!-- Generated by org.testng.reporters.JUnitReportReporter -->
<testsuite hostname="JOHN" failures="0" tests="2" name="TestRunner.CucumberTestRunner2WithTags" time="0.116" errors="0" timestamp="2024-07-29T21:20:37 IST" skipped="0">
  <testcase classname="TestRunner.CucumberTestRunner2WithTags" name="runScenario" time="0.109"/>
  <system-out/>
  <testcase classname="TestRunner.CucumberTestRunner2WithTags" name="runScenario" time="0.007"/>
  <system-out/>
</testsuite> <!-- TestRunner.CucumberTestRunner2WithTags -->
